<?xml version="1.0" encoding="UTF-8"?>
<coverage generated="1763113694408" clover="3.2.0">
  <project timestamp="1763113694409" name="All files">
    <metrics statements="80" coveredstatements="70" conditionals="47" coveredconditionals="35" methods="25" coveredmethods="25" elements="152" coveredelements="130" complexity="0" loc="80" ncloc="80" packages="2" files="5" classes="5"/>
    <package name="src">
      <metrics statements="34" coveredstatements="34" conditionals="6" coveredconditionals="5" methods="15" coveredmethods="15"/>
      <file name="Api.js" path="D:\submissions\reactbuttons\src\Api.js">
        <metrics statements="7" coveredstatements="7" conditionals="0" coveredconditionals="0" methods="8" coveredmethods="8"/>
        <line num="2" count="6" type="stmt"/>
        <line num="3" count="6" type="stmt"/>
        <line num="4" count="4" type="stmt"/>
        <line num="10" count="2" type="stmt"/>
        <line num="11" count="2" type="stmt"/>
        <line num="16" count="2" type="stmt"/>
        <line num="20" count="2" type="stmt"/>
      </file>
      <file name="App.js" path="D:\submissions\reactbuttons\src\App.js">
        <metrics statements="27" coveredstatements="27" conditionals="6" coveredconditionals="5" methods="7" coveredmethods="7"/>
        <line num="14" count="23" type="stmt"/>
        <line num="15" count="23" type="stmt"/>
        <line num="18" count="23" type="stmt"/>
        <line num="21" count="23" type="stmt"/>
        <line num="22" count="9" type="cond" truecount="1" falsecount="1"/>
        <line num="24" count="9" type="stmt"/>
        <line num="30" count="23" type="stmt"/>
        <line num="31" count="6" type="stmt"/>
        <line num="32" count="6" type="stmt"/>
        <line num="33" count="4" type="stmt"/>
        <line num="34" count="4" type="stmt"/>
        <line num="37" count="4" type="stmt"/>
        <line num="40" count="23" type="stmt"/>
        <line num="41" count="2" type="stmt"/>
        <line num="42" count="2" type="stmt"/>
        <line num="43" count="1" type="stmt"/>
        <line num="44" count="1" type="stmt"/>
        <line num="47" count="1" type="stmt"/>
        <line num="50" count="23" type="stmt"/>
        <line num="51" count="2" type="stmt"/>
        <line num="52" count="2" type="stmt"/>
        <line num="55" count="2" type="stmt"/>
        <line num="58" count="23" type="stmt"/>
        <line num="59" count="2" type="stmt"/>
        <line num="60" count="2" type="stmt"/>
        <line num="63" count="2" type="stmt"/>
        <line num="66" count="23" type="stmt"/>
      </file>
    </package>
    <package name="src.components">
      <metrics statements="46" coveredstatements="36" conditionals="41" coveredconditionals="30" methods="10" coveredmethods="10"/>
      <file name="ActionButtons.js" path="D:\submissions\reactbuttons\src\components\ActionButtons.js">
        <metrics statements="16" coveredstatements="13" conditionals="11" coveredconditionals="8" methods="5" coveredmethods="5"/>
        <line num="5" count="22" type="stmt"/>
        <line num="7" count="2" type="stmt"/>
        <line num="10" count="2" type="stmt"/>
        <line num="13" count="2" type="stmt"/>
        <line num="22" count="8" type="cond" truecount="8" falsecount="3"/>
        <line num="23" count="1" type="stmt"/>
        <line num="24" count="1" type="stmt"/>
        <line num="25" count="1" type="stmt"/>
        <line num="26" count="1" type="stmt"/>
        <line num="27" count="1" type="stmt"/>
        <line num="28" count="1" type="stmt"/>
        <line num="29" count="1" type="stmt"/>
        <line num="30" count="1" type="stmt"/>
        <line num="31" count="0" type="stmt"/>
        <line num="32" count="0" type="stmt"/>
        <line num="33" count="0" type="stmt"/>
      </file>
      <file name="ApiButtons.js" path="D:\submissions\reactbuttons\src\components\ApiButtons.js">
        <metrics statements="16" coveredstatements="12" conditionals="14" coveredconditionals="10" methods="2" coveredmethods="2"/>
        <line num="5" count="22" type="stmt"/>
        <line num="24" count="10" type="cond" truecount="10" falsecount="4"/>
        <line num="25" count="1" type="stmt"/>
        <line num="26" count="1" type="stmt"/>
        <line num="27" count="1" type="stmt"/>
        <line num="28" count="1" type="stmt"/>
        <line num="29" count="1" type="stmt"/>
        <line num="30" count="1" type="stmt"/>
        <line num="31" count="1" type="stmt"/>
        <line num="32" count="1" type="stmt"/>
        <line num="33" count="1" type="stmt"/>
        <line num="34" count="1" type="stmt"/>
        <line num="35" count="0" type="stmt"/>
        <line num="36" count="0" type="stmt"/>
        <line num="37" count="0" type="stmt"/>
        <line num="38" count="0" type="stmt"/>
      </file>
      <file name="SummaryTable.js" path="D:\submissions\reactbuttons\src\components\SummaryTable.js">
        <metrics statements="14" coveredstatements="11" conditionals="16" coveredconditionals="12" methods="3" coveredmethods="3"/>
        <line num="5" count="22" type="cond" truecount="4" falsecount="0"/>
        <line num="7" count="10" type="stmt"/>
        <line num="20" count="13" type="stmt"/>
        <line num="36" count="7" type="cond" truecount="7" falsecount="3"/>
        <line num="37" count="1" type="stmt"/>
        <line num="38" count="1" type="stmt"/>
        <line num="39" count="1" type="stmt"/>
        <line num="40" count="1" type="stmt"/>
        <line num="41" count="1" type="stmt"/>
        <line num="42" count="1" type="stmt"/>
        <line num="43" count="1" type="stmt"/>
        <line num="44" count="0" type="stmt"/>
        <line num="45" count="0" type="stmt"/>
        <line num="46" count="0" type="stmt"/>
      </file>
    </package>
  </project>
</coverage>
