TN:
SF:src\Api.js
FN:1,fetchData
FN:2,(anonymous_1)
FN:3,(anonymous_2)
FN:9,apiWithTimeout
FN:10,(anonymous_4)
FN:11,(anonymous_5)
FN:15,apiWithoutTimeout
FN:19,apiWithPromise
FNF:8
FNH:8
FNDA:6,fetchData
FNDA:6,(anonymous_1)
FNDA:4,(anonymous_2)
FNDA:2,apiWithTimeout
FNDA:2,(anonymous_4)
FNDA:1,(anonymous_5)
FNDA:2,apiWithoutTimeout
FNDA:2,apiWithPromise
DA:2,6
DA:3,6
DA:4,4
DA:10,2
DA:11,2
DA:16,2
DA:20,2
LF:7
LH:7
BRF:0
BRH:0
end_of_record
TN:
SF:src\App.js
FN:13,App
FN:21,(anonymous_1)
FN:24,(anonymous_2)
FN:30,(anonymous_3)
FN:40,(anonymous_4)
FN:50,(anonymous_5)
FN:58,(anonymous_6)
FNF:7
FNH:7
FNDA:23,App
FNDA:9,(anonymous_1)
FNDA:9,(anonymous_2)
FNDA:6,(anonymous_3)
FNDA:2,(anonymous_4)
FNDA:2,(anonymous_5)
FNDA:2,(anonymous_6)
DA:14,23
DA:15,23
DA:18,23
DA:21,23
DA:22,9
DA:24,9
DA:30,23
DA:31,6
DA:32,6
DA:33,4
DA:34,4
DA:37,4
DA:40,23
DA:41,2
DA:42,2
DA:43,1
DA:44,1
DA:47,1
DA:50,23
DA:51,2
DA:52,2
DA:55,2
DA:58,23
DA:59,2
DA:60,2
DA:63,2
DA:66,23
LF:27
LH:27
BRDA:22,0,0,9
BRDA:22,0,1,0
BRDA:77,1,0,23
BRDA:77,1,1,9
BRDA:78,2,0,23
BRDA:78,2,1,11
BRF:6
BRH:5
end_of_record
TN:
SF:src\components\ActionButtons.js
FN:4,ActionButtons
FN:7,(anonymous_1)
FN:10,(anonymous_2)
FN:13,(anonymous_3)
FN:21,actionCases
FNF:5
FNH:5
FNDA:22,ActionButtons
FNDA:2,(anonymous_1)
FNDA:2,(anonymous_2)
FNDA:2,(anonymous_3)
FNDA:8,actionCases
DA:5,22
DA:7,2
DA:10,2
DA:13,2
DA:22,8
DA:23,1
DA:24,1
DA:25,1
DA:26,1
DA:27,1
DA:28,1
DA:29,1
DA:30,1
DA:31,0
DA:32,0
DA:33,0
LF:16
LH:13
BRDA:22,0,0,1
BRDA:22,0,1,1
BRDA:22,0,2,1
BRDA:22,0,3,1
BRDA:22,0,4,1
BRDA:22,0,5,1
BRDA:22,0,6,1
BRDA:22,0,7,1
BRDA:22,0,8,0
BRDA:22,0,9,0
BRDA:22,0,10,0
BRF:11
BRH:8
end_of_record
TN:
SF:src\components\ApiButtons.js
FN:4,ApiButtons
FN:23,apiCases
FNF:2
FNH:2
FNDA:22,ApiButtons
FNDA:10,apiCases
DA:5,22
DA:24,10
DA:25,1
DA:26,1
DA:27,1
DA:28,1
DA:29,1
DA:30,1
DA:31,1
DA:32,1
DA:33,1
DA:34,1
DA:35,0
DA:36,0
DA:37,0
DA:38,0
LF:16
LH:12
BRDA:24,0,0,1
BRDA:24,0,1,1
BRDA:24,0,2,1
BRDA:24,0,3,1
BRDA:24,0,4,1
BRDA:24,0,5,1
BRDA:24,0,6,1
BRDA:24,0,7,1
BRDA:24,0,8,1
BRDA:24,0,9,1
BRDA:24,0,10,0
BRDA:24,0,11,0
BRDA:24,0,12,0
BRDA:24,0,13,0
BRF:14
BRH:10
end_of_record
TN:
SF:src\components\SummaryTable.js
FN:4,SummaryTable
FN:19,(anonymous_1)
FN:35,summaryCases
FNF:3
FNH:3
FNDA:22,SummaryTable
FNDA:13,(anonymous_1)
FNDA:7,summaryCases
DA:5,22
DA:7,10
DA:20,13
DA:36,7
DA:37,1
DA:38,1
DA:39,1
DA:40,1
DA:41,1
DA:42,1
DA:43,1
DA:44,0
DA:45,0
DA:46,0
LF:14
LH:11
BRDA:5,0,0,12
BRDA:5,0,1,10
BRDA:5,1,0,22
BRDA:5,1,1,22
BRDA:24,2,0,13
BRDA:24,2,1,0
BRDA:36,3,0,1
BRDA:36,3,1,1
BRDA:36,3,2,1
BRDA:36,3,3,1
BRDA:36,3,4,1
BRDA:36,3,5,1
BRDA:36,3,6,1
BRDA:36,3,7,0
BRDA:36,3,8,0
BRDA:36,3,9,0
BRF:16
BRH:12
end_of_record
